<?xml version="1.0" encoding="UTF-8"?>
<testng-results ignored="0" total="1" passed="1" failed="0" skipped="0">
  <reporter-output>
  </reporter-output>
  <suite started-at="2022-06-20T10:18:35Z" name="Default suite" finished-at="2022-06-20T10:19:12Z" duration-ms="36896">
    <groups>
    </groups>
    <test started-at="2022-06-20T10:18:35Z" name="Default test" finished-at="2022-06-20T10:19:12Z" duration-ms="36896">
      <class name="com.selenium.demos.SelenouimJenkinsDemo.AppTest">
        <test-method is-config="true" signature="beforeMethod()[pri:0, instance:com.selenium.demos.SelenouimJenkinsDemo.AppTest@7d286fb6]" started-at="2022-06-20T10:18:35Z" name="beforeMethod" finished-at="2022-06-20T10:19:03Z" duration-ms="27941" status="PASS">
          <reporter-output>
          </reporter-output>
        </test-method> <!-- beforeMethod -->
        <test-method signature="testSelectDropzdown()[pri:0, instance:com.selenium.demos.SelenouimJenkinsDemo.AppTest@7d286fb6]" started-at="2022-06-20T10:19:03Z" name="testSelectDropzdown" finished-at="2022-06-20T10:19:10Z" duration-ms="6777" status="PASS">
          <reporter-output>
          </reporter-output>
        </test-method> <!-- testSelectDropzdown -->
        <test-method is-config="true" signature="afterMethod()[pri:0, instance:com.selenium.demos.SelenouimJenkinsDemo.AppTest@7d286fb6]" started-at="2022-06-20T10:19:10Z" name="afterMethod" finished-at="2022-06-20T10:19:12Z" duration-ms="2157" status="PASS">
          <reporter-output>
          </reporter-output>
        </test-method> <!-- afterMethod -->
      </class> <!-- com.selenium.demos.SelenouimJenkinsDemo.AppTest -->
    </test> <!-- Default test -->
  </suite> <!-- Default suite -->
</testng-results>
