<?xml version="1.0" encoding="UTF-8"?>
<testng-results ignored="4" total="10" passed="6" failed="0" skipped="0">
  <reporter-output>
  </reporter-output>
  <suite started-at="2022-05-30T16:07:51 IST" name="Suite" finished-at="2022-05-30T16:07:51 IST" duration-ms="347">
    <groups>
    </groups>
    <test started-at="2022-05-30T16:07:51 IST" name="Test1" finished-at="2022-05-30T16:07:51 IST" duration-ms="51">
      <class name="com.vf.demos.MyTestClass2">
        <test-method is-config="true" signature="beforeTest()[pri:0, instance:com.vf.demos.MyTestClass2@2f8dad04]" started-at="2022-05-30T16:07:51 IST" name="beforeTest" finished-at="2022-05-30T16:07:51 IST" duration-ms="1" status="PASS">
          <reporter-output>
          </reporter-output>
        </test-method> <!-- beforeTest -->
        <test-method is-config="true" signature="beforeClass()[pri:0, instance:com.vf.demos.MyTestClass2@2f8dad04]" started-at="2022-05-30T16:07:51 IST" name="beforeClass" finished-at="2022-05-30T16:07:51 IST" duration-ms="1" status="PASS">
          <reporter-output>
          </reporter-output>
        </test-method> <!-- beforeClass -->
        <test-method is-config="true" signature="beforeMethod()[pri:0, instance:com.vf.demos.MyTestClass2@2f8dad04]" started-at="2022-05-30T16:07:51 IST" name="beforeMethod" finished-at="2022-05-30T16:07:51 IST" duration-ms="0" status="PASS">
          <reporter-output>
          </reporter-output>
        </test-method> <!-- beforeMethod -->
        <test-method signature="m3()[pri:0, instance:com.vf.demos.MyTestClass2@2f8dad04]" started-at="2022-05-30T16:07:51 IST" name="m3" finished-at="2022-05-30T16:07:51 IST" duration-ms="8" status="PASS">
          <reporter-output>
          </reporter-output>
        </test-method> <!-- m3 -->
        <test-method is-config="true" signature="afterMethod()[pri:0, instance:com.vf.demos.MyTestClass2@2f8dad04]" started-at="2022-05-30T16:07:51 IST" name="afterMethod" finished-at="2022-05-30T16:07:51 IST" duration-ms="1" status="PASS">
          <reporter-output>
          </reporter-output>
        </test-method> <!-- afterMethod -->
        <test-method signature="m4()[pri:0, instance:com.vf.demos.MyTestClass2@2f8dad04]" started-at="2022-05-30T16:07:51 IST" name="m4" finished-at="2022-05-30T16:07:51 IST" duration-ms="2" status="PASS">
          <reporter-output>
          </reporter-output>
        </test-method> <!-- m4 -->
        <test-method is-config="true" signature="beforeMethod()[pri:0, instance:com.vf.demos.MyTestClass2@2f8dad04]" started-at="2022-05-30T16:07:51 IST" name="beforeMethod" finished-at="2022-05-30T16:07:51 IST" duration-ms="0" status="PASS">
          <reporter-output>
          </reporter-output>
        </test-method> <!-- beforeMethod -->
        <test-method is-config="true" signature="afterMethod()[pri:0, instance:com.vf.demos.MyTestClass2@2f8dad04]" started-at="2022-05-30T16:07:51 IST" name="afterMethod" finished-at="2022-05-30T16:07:51 IST" duration-ms="0" status="PASS">
          <reporter-output>
          </reporter-output>
        </test-method> <!-- afterMethod -->
        <test-method is-config="true" signature="afterClass()[pri:0, instance:com.vf.demos.MyTestClass2@2f8dad04]" started-at="2022-05-30T16:07:51 IST" name="afterClass" finished-at="2022-05-30T16:07:51 IST" duration-ms="0" status="PASS">
          <reporter-output>
          </reporter-output>
        </test-method> <!-- afterClass -->
        <test-method is-config="true" signature="afterTest()[pri:0, instance:com.vf.demos.MyTestClass2@2f8dad04]" started-at="2022-05-30T16:07:51 IST" name="afterTest" finished-at="2022-05-30T16:07:51 IST" duration-ms="1" status="PASS">
          <reporter-output>
          </reporter-output>
        </test-method> <!-- afterTest -->
      </class> <!-- com.vf.demos.MyTestClass2 -->
    </test> <!-- Test1 -->
    <test started-at="2022-05-30T16:07:51 IST" name="Test2" finished-at="2022-05-30T16:07:51 IST" duration-ms="34">
      <class name="com.vf.demos.MyTestClass2">
        <test-method is-config="true" signature="beforeSuite()[pri:0, instance:com.vf.demos.MyTestClass2@2b48a640]" started-at="2022-05-30T16:07:51 IST" name="beforeSuite" finished-at="2022-05-30T16:07:51 IST" duration-ms="9" status="PASS">
          <reporter-output>
          </reporter-output>
        </test-method> <!-- beforeSuite -->
        <test-method is-config="true" signature="beforeTest()[pri:0, instance:com.vf.demos.MyTestClass2@2b48a640]" started-at="2022-05-30T16:07:51 IST" name="beforeTest" finished-at="2022-05-30T16:07:51 IST" duration-ms="1" status="PASS">
          <reporter-output>
          </reporter-output>
        </test-method> <!-- beforeTest -->
        <test-method is-config="true" signature="beforeClass()[pri:0, instance:com.vf.demos.MyTestClass2@2b48a640]" started-at="2022-05-30T16:07:51 IST" name="beforeClass" finished-at="2022-05-30T16:07:51 IST" duration-ms="0" status="PASS">
          <reporter-output>
          </reporter-output>
        </test-method> <!-- beforeClass -->
        <test-method is-config="true" signature="beforeMethod()[pri:0, instance:com.vf.demos.MyTestClass2@2b48a640]" started-at="2022-05-30T16:07:51 IST" name="beforeMethod" finished-at="2022-05-30T16:07:51 IST" duration-ms="1" status="PASS">
          <reporter-output>
          </reporter-output>
        </test-method> <!-- beforeMethod -->
        <test-method signature="m3()[pri:0, instance:com.vf.demos.MyTestClass2@2b48a640]" started-at="2022-05-30T16:07:51 IST" name="m3" finished-at="2022-05-30T16:07:51 IST" duration-ms="2" status="PASS">
          <reporter-output>
          </reporter-output>
        </test-method> <!-- m3 -->
        <test-method is-config="true" signature="beforeMethod()[pri:0, instance:com.vf.demos.MyTestClass2@2b48a640]" started-at="2022-05-30T16:07:51 IST" name="beforeMethod" finished-at="2022-05-30T16:07:51 IST" duration-ms="0" status="PASS">
          <reporter-output>
          </reporter-output>
        </test-method> <!-- beforeMethod -->
        <test-method signature="m4()[pri:0, instance:com.vf.demos.MyTestClass2@2b48a640]" started-at="2022-05-30T16:07:51 IST" name="m4" finished-at="2022-05-30T16:07:51 IST" duration-ms="2" status="PASS">
          <reporter-output>
          </reporter-output>
        </test-method> <!-- m4 -->
        <test-method is-config="true" signature="afterMethod()[pri:0, instance:com.vf.demos.MyTestClass2@2b48a640]" started-at="2022-05-30T16:07:51 IST" name="afterMethod" finished-at="2022-05-30T16:07:51 IST" duration-ms="0" status="PASS">
          <reporter-output>
          </reporter-output>
        </test-method> <!-- afterMethod -->
        <test-method is-config="true" signature="afterMethod()[pri:0, instance:com.vf.demos.MyTestClass2@2b48a640]" started-at="2022-05-30T16:07:51 IST" name="afterMethod" finished-at="2022-05-30T16:07:51 IST" duration-ms="0" status="PASS">
          <reporter-output>
          </reporter-output>
        </test-method> <!-- afterMethod -->
        <test-method is-config="true" signature="afterClass()[pri:0, instance:com.vf.demos.MyTestClass2@2b48a640]" started-at="2022-05-30T16:07:51 IST" name="afterClass" finished-at="2022-05-30T16:07:51 IST" duration-ms="0" status="PASS">
          <reporter-output>
          </reporter-output>
        </test-method> <!-- afterClass -->
        <test-method is-config="true" signature="afterTest()[pri:0, instance:com.vf.demos.MyTestClass2@2b48a640]" started-at="2022-05-30T16:07:51 IST" name="afterTest" finished-at="2022-05-30T16:07:51 IST" duration-ms="0" status="PASS">
          <reporter-output>
          </reporter-output>
        </test-method> <!-- afterTest -->
        <test-method is-config="true" signature="afterSuite()[pri:0, instance:com.vf.demos.MyTestClass2@2b48a640]" started-at="2022-05-30T16:07:51 IST" name="afterSuite" finished-at="2022-05-30T16:07:51 IST" duration-ms="1" status="PASS">
          <reporter-output>
          </reporter-output>
        </test-method> <!-- afterSuite -->
      </class> <!-- com.vf.demos.MyTestClass2 -->
      <class name="com.vf.demos.MyTestClass1">
        <test-method is-config="true" signature="beforeClass()[pri:0, instance:com.vf.demos.MyTestClass1@1e683a3e]" started-at="2022-05-30T16:07:51 IST" name="beforeClass" finished-at="2022-05-30T16:07:51 IST" duration-ms="1" status="PASS">
          <reporter-output>
          </reporter-output>
        </test-method> <!-- beforeClass -->
        <test-method is-config="true" signature="beforeMethod()[pri:0, instance:com.vf.demos.MyTestClass1@1e683a3e]" started-at="2022-05-30T16:07:51 IST" name="beforeMethod" finished-at="2022-05-30T16:07:51 IST" duration-ms="0" status="PASS">
          <reporter-output>
          </reporter-output>
        </test-method> <!-- beforeMethod -->
        <test-method signature="m1()[pri:0, instance:com.vf.demos.MyTestClass1@1e683a3e]" started-at="2022-05-30T16:07:51 IST" name="m1" finished-at="2022-05-30T16:07:51 IST" duration-ms="2" status="PASS">
          <reporter-output>
          </reporter-output>
        </test-method> <!-- m1 -->
        <test-method is-config="true" signature="afterMethod()[pri:0, instance:com.vf.demos.MyTestClass1@1e683a3e]" started-at="2022-05-30T16:07:51 IST" name="afterMethod" finished-at="2022-05-30T16:07:51 IST" duration-ms="0" status="PASS">
          <reporter-output>
          </reporter-output>
        </test-method> <!-- afterMethod -->
        <test-method signature="m2()[pri:0, instance:com.vf.demos.MyTestClass1@1e683a3e]" started-at="2022-05-30T16:07:51 IST" name="m2" finished-at="2022-05-30T16:07:51 IST" duration-ms="5" status="PASS">
          <reporter-output>
          </reporter-output>
        </test-method> <!-- m2 -->
        <test-method is-config="true" signature="beforeMethod()[pri:0, instance:com.vf.demos.MyTestClass1@1e683a3e]" started-at="2022-05-30T16:07:51 IST" name="beforeMethod" finished-at="2022-05-30T16:07:51 IST" duration-ms="0" status="PASS">
          <reporter-output>
          </reporter-output>
        </test-method> <!-- beforeMethod -->
        <test-method is-config="true" signature="afterClass()[pri:0, instance:com.vf.demos.MyTestClass1@1e683a3e]" started-at="2022-05-30T16:07:51 IST" name="afterClass" finished-at="2022-05-30T16:07:51 IST" duration-ms="1" status="PASS">
          <reporter-output>
          </reporter-output>
        </test-method> <!-- afterClass -->
        <test-method is-config="true" signature="afterMethod()[pri:0, instance:com.vf.demos.MyTestClass1@1e683a3e]" started-at="2022-05-30T16:07:51 IST" name="afterMethod" finished-at="2022-05-30T16:07:51 IST" duration-ms="0" status="PASS">
          <reporter-output>
          </reporter-output>
        </test-method> <!-- afterMethod -->
      </class> <!-- com.vf.demos.MyTestClass1 -->
    </test> <!-- Test2 -->
  </suite> <!-- Suite -->
</testng-results>
