<?xml version="1.0" encoding="UTF-8"?>
<!-- Generated by org.testng.reporters.JUnitXMLReporter -->
<testsuite ignored="4" hostname="Manishs-MacBook-Pro.local" failures="0" tests="4" name="Test2" time="0.033" errors="0" timestamp="2022-05-30T16:20:20 IST">
  <testcase classname="com.vf.demos.MyTestClass1" name="m1" time="0.001"/>
  <testcase classname="com.vf.demos.MyTestClass1" name="m2" time="0.001"/>
  <testcase classname="com.vf.demos.MyTestClass2" name="m3" time="0.002"/>
  <testcase classname="com.vf.demos.MyTestClass2" name="m4" time="0.006"/>
  <testcase classname="com.vf.demos.AbstractClassTest" name="@AfterTest afterTest" time="0.0">
    <ignored/>
  </testcase> <!-- @AfterTest afterTest -->
  <testcase classname="com.vf.demos.AbstractClassTest" name="@AfterSuite afterSuite" time="0.0">
    <ignored/>
  </testcase> <!-- @AfterSuite afterSuite -->
  <testcase classname="com.vf.demos.AbstractClassTest" name="@BeforeTest beforeTest" time="0.0">
    <ignored/>
  </testcase> <!-- @BeforeTest beforeTest -->
  <testcase classname="com.vf.demos.AbstractClassTest" name="@BeforeSuite beforeSuite" time="0.0">
    <ignored/>
  </testcase> <!-- @BeforeSuite beforeSuite -->
</testsuite> <!-- Test2 -->
