<?xml version="1.0" encoding="UTF-8"?>
<!-- Generated by org.testng.reporters.JUnitXMLReporter -->
<testsuite ignored="2" hostname="Manishs-MacBook-Pro.local" failures="0" tests="2" name="Test1" time="0.047" errors="0" timestamp="2022-05-30T16:26:04 IST">
  <testcase classname="com.vf.demos.GroupsDemoTest" name="m1" time="0.007"/>
  <testcase classname="com.vf.demos.GroupsDemoTest" name="m2" time="0.002"/>
  <testcase classname="com.vf.demos.GroupsDemoTest" name="m4" time="0.0">
    <ignored/>
  </testcase> <!-- m4 -->
  <testcase classname="com.vf.demos.GroupsDemoTest" name="m3" time="0.0">
    <ignored/>
  </testcase> <!-- m3 -->
</testsuite> <!-- Test1 -->
