<?xml version="1.0" encoding="UTF-8"?>
<testng-results ignored="0" total="1" passed="1" failed="0" skipped="0">
  <reporter-output>
  </reporter-output>
  <suite started-at="2022-06-02T11:31:56Z" name="Default suite" finished-at="2022-06-02T11:32:08Z" duration-ms="12143">
    <groups>
    </groups>
    <test started-at="2022-06-02T11:31:56Z" name="Default test" finished-at="2022-06-02T11:32:08Z" duration-ms="12143">
      <class name="com.selenium.demos.SeleniumDemos.AlertDialogBoxTest2">
        <test-method is-config="true" signature="beforeMethod()[pri:0, instance:com.selenium.demos.SeleniumDemos.AlertDialogBoxTest2@176b75f7]" started-at="2022-06-02T11:31:56Z" name="beforeMethod" finished-at="2022-06-02T11:31:59Z" duration-ms="3515" status="PASS">
          <reporter-output>
          </reporter-output>
        </test-method> <!-- beforeMethod -->
        <test-method signature="testPromptAndConfirm()[pri:0, instance:com.selenium.demos.SeleniumDemos.AlertDialogBoxTest2@176b75f7]" started-at="2022-06-02T11:31:59Z" name="testPromptAndConfirm" finished-at="2022-06-02T11:32:06Z" duration-ms="6469" status="PASS">
          <reporter-output>
          </reporter-output>
        </test-method> <!-- testPromptAndConfirm -->
        <test-method is-config="true" signature="afterMethod()[pri:0, instance:com.selenium.demos.SeleniumDemos.AlertDialogBoxTest2@176b75f7]" started-at="2022-06-02T11:32:06Z" name="afterMethod" finished-at="2022-06-02T11:32:08Z" duration-ms="2129" status="PASS">
          <reporter-output>
          </reporter-output>
        </test-method> <!-- afterMethod -->
      </class> <!-- com.selenium.demos.SeleniumDemos.AlertDialogBoxTest2 -->
    </test> <!-- Default test -->
  </suite> <!-- Default suite -->
</testng-results>
