<?xml version="1.0" encoding="UTF-8"?>
<testng-results ignored="0" total="1" passed="1" failed="0" skipped="0">
  <reporter-output>
  </reporter-output>
  <suite started-at="2022-06-03T11:50:55Z" name="Default suite" finished-at="2022-06-03T11:51:07Z" duration-ms="12638">
    <groups>
    </groups>
    <test started-at="2022-06-03T11:50:55Z" name="Default test" finished-at="2022-06-03T11:51:07Z" duration-ms="12638">
      <class name="com.selenium.demos.SeleniumDemos.TakeScreenShotTest">
        <test-method is-config="true" signature="beforeMethod()[pri:0, instance:com.selenium.demos.SeleniumDemos.TakeScreenShotTest@7b8b43c7]" started-at="2022-06-03T11:50:55Z" name="beforeMethod" finished-at="2022-06-03T11:51:04Z" duration-ms="8951" status="PASS">
          <reporter-output>
          </reporter-output>
        </test-method> <!-- beforeMethod -->
        <test-method signature="testTakeScreenShot()[pri:0, instance:com.selenium.demos.SeleniumDemos.TakeScreenShotTest@7b8b43c7]" started-at="2022-06-03T11:51:04Z" name="testTakeScreenShot" finished-at="2022-06-03T11:51:04Z" duration-ms="545" status="PASS">
          <reporter-output>
          </reporter-output>
        </test-method> <!-- testTakeScreenShot -->
        <test-method is-config="true" signature="afterMethod()[pri:0, instance:com.selenium.demos.SeleniumDemos.TakeScreenShotTest@7b8b43c7]" started-at="2022-06-03T11:51:04Z" name="afterMethod" finished-at="2022-06-03T11:51:07Z" duration-ms="3125" status="PASS">
          <reporter-output>
          </reporter-output>
        </test-method> <!-- afterMethod -->
      </class> <!-- com.selenium.demos.SeleniumDemos.TakeScreenShotTest -->
    </test> <!-- Default test -->
  </suite> <!-- Default suite -->
</testng-results>
